# JRE version: OpenJDK Runtime Environment Corretto-17.0.6.10.1 (17.0.6+10) (build 17.0.6+10-LTS)
# Java VM: OpenJDK 64-Bit Server VM Corretto-17.0.6.10.1 (17.0.6+10-LTS, mixed mode, sharing, tiered, compressed oops, compressed class ptrs, g1 gc, windows-amd64)
GC Precious Log:
 CPUs: 4 total, 4 available
 Memory: 16220M
 Large Page Support: Disabled
 NUMA Support: Disabled
 Compressed Oops: Enabled (Zero based)
 Heap Region Size: 2M
 Heap Min Capacity: 8M
 Heap Initial Capacity: 254M
 Heap Max Capacity: 4056M
 Pre-touch: Disabled
 Parallel Workers: 4
 Concurrent Workers: 1
 Concurrent Refinement Workers: 4
 Periodic GC: Disabled
Heap:
 garbage-first heap   total 110592K, used 57652K [0x0000000702800000, 0x0000000800000000)
  region size 2048K, 19 young (38912K), 3 survivors (6144K)
 Metaspace       used 63488K, committed 63872K, reserved 1105920K
  class space    used 8467K, committed 8640K, reserved 1048576K
GC Heap History (20 events):
Event: 4.061 GC heap before
{Heap before GC invocations=7 (full 0):
 garbage-first heap   total 49152K, used 31338K [0x0000000702800000, 0x0000000800000000)
  region size 2048K, 9 young (18432K), 1 survivors (2048K)
 Metaspace       used 28952K, committed 29248K, reserved 1081344K
  class space    used 3661K, committed 3776K, reserved 1048576K
}
Event: 4.063 GC heap after
{Heap after GC invocations=8 (full 0):
 garbage-first heap   total 49152K, used 15799K [0x0000000702800000, 0x0000000800000000)
  region size 2048K, 2 young (4096K), 2 survivors (4096K)
 Metaspace       used 28952K, committed 29248K, reserved 1081344K
  class space    used 3661K, committed 3776K, reserved 1048576K
}
Event: 4.422 GC heap before
{Heap before GC invocations=8 (full 0):
 garbage-first heap   total 49152K, used 32183K [0x0000000702800000, 0x0000000800000000)
  region size 2048K, 10 young (20480K), 2 survivors (4096K)
 Metaspace       used 30214K, committed 30464K, reserved 1081344K
  class space    used 3796K, committed 3904K, reserved 1048576K
}
Event: 4.425 GC heap after
{Heap after GC invocations=9 (full 0):
 garbage-first heap   total 49152K, used 16951K [0x0000000702800000, 0x0000000800000000)
  region size 2048K, 2 young (4096K), 2 survivors (4096K)
 Metaspace       used 30214K, committed 30464K, reserved 1081344K
  class space    used 3796K, committed 3904K, reserved 1048576K
}
Event: 4.873 GC heap before
{Heap before GC invocations=9 (full 0):
 garbage-first heap   total 49152K, used 23095K [0x0000000702800000, 0x0000000800000000)
  region size 2048K, 7 young (14336K), 2 survivors (4096K)
 Metaspace       used 35642K, committed 35968K, reserved 1081344K
  class space    used 4430K, committed 4608K, reserved 1048576K
}
Event: 4.877 GC heap after
{Heap after GC invocations=10 (full 0):
 garbage-first heap   total 49152K, used 18252K [0x0000000702800000, 0x0000000800000000)
  region size 2048K, 2 young (4096K), 2 survivors (4096K)
 Metaspace       used 35642K, committed 35968K, reserved 1081344K
  class space    used 4430K, committed 4608K, reserved 1048576K
}
Event: 5.901 GC heap before
{Heap before GC invocations=11 (full 0):
 garbage-first heap   total 49152K, used 32588K [0x0000000702800000, 0x0000000800000000)
  region size 2048K, 9 young (18432K), 2 survivors (4096K)
 Metaspace       used 39154K, committed 39488K, reserved 1089536K
  class space    used 4850K, committed 4992K, reserved 1048576K
}
Event: 5.906 GC heap after
{Heap after GC invocations=12 (full 0):
 garbage-first heap   total 49152K, used 19565K [0x0000000702800000, 0x0000000800000000)
  region size 2048K, 2 young (4096K), 2 survivors (4096K)
 Metaspace       used 39154K, committed 39488K, reserved 1089536K
  class space    used 4850K, committed 4992K, reserved 1048576K
}
Event: 6.492 GC heap before
{Heap before GC invocations=12 (full 0):
 garbage-first heap   total 49152K, used 33901K [0x0000000702800000, 0x0000000800000000)
  region size 2048K, 9 young (18432K), 2 survivors (4096K)
 Metaspace       used 42425K, committed 42688K, reserved 1089536K
  class space    used 5302K, committed 5440K, reserved 1048576K
}
Event: 6.496 GC heap after
{Heap after GC invocations=13 (full 0):
 garbage-first heap   total 49152K, used 20561K [0x0000000702800000, 0x0000000800000000)
  region size 2048K, 2 young (4096K), 2 survivors (4096K)
 Metaspace       used 42425K, committed 42688K, reserved 1089536K
  class space    used 5302K, committed 5440K, reserved 1048576K
}
Event: 7.004 GC heap before
{Heap before GC invocations=13 (full 0):
 garbage-first heap   total 49152K, used 34897K [0x0000000702800000, 0x0000000800000000)
  region size 2048K, 9 young (18432K), 2 survivors (4096K)
 Metaspace       used 45737K, committed 46080K, reserved 1089536K
  class space    used 5923K, committed 6080K, reserved 1048576K
}
Event: 7.007 GC heap after
{Heap after GC invocations=14 (full 0):
 garbage-first heap   total 49152K, used 21547K [0x0000000702800000, 0x0000000800000000)
  region size 2048K, 2 young (4096K), 2 survivors (4096K)
 Metaspace       used 45737K, committed 46080K, reserved 1089536K
  class space    used 5923K, committed 6080K, reserved 1048576K
}
Event: 7.398 GC heap before
{Heap before GC invocations=14 (full 0):
 garbage-first heap   total 49152K, used 35883K [0x0000000702800000, 0x0000000800000000)
  region size 2048K, 9 young (18432K), 2 survivors (4096K)
 Metaspace       used 49822K, committed 50112K, reserved 1097728K
  class space    used 6438K, committed 6592K, reserved 1048576K
}
Event: 7.402 GC heap after
{Heap after GC invocations=15 (full 0):
 garbage-first heap   total 49152K, used 22333K [0x0000000702800000, 0x0000000800000000)
  region size 2048K, 2 young (4096K), 2 survivors (4096K)
 Metaspace       used 49822K, committed 50112K, reserved 1097728K
  class space    used 6438K, committed 6592K, reserved 1048576K
}
Event: 7.884 GC heap before
{Heap before GC invocations=15 (full 0):
 garbage-first heap   total 49152K, used 36669K [0x0000000702800000, 0x0000000800000000)
  region size 2048K, 9 young (18432K), 2 survivors (4096K)
 Metaspace       used 52797K, committed 53120K, reserved 1097728K
  class space    used 6974K, committed 7104K, reserved 1048576K
}
Event: 7.889 GC heap after
{Heap after GC invocations=16 (full 0):
 garbage-first heap   total 49152K, used 22761K [0x0000000702800000, 0x0000000800000000)
  region size 2048K, 2 young (4096K), 2 survivors (4096K)
 Metaspace       used 52797K, committed 53120K, reserved 1097728K
  class space    used 6974K, committed 7104K, reserved 1048576K
}
Event: 8.187 GC heap before
{Heap before GC invocations=16 (full 0):
 garbage-first heap   total 49152K, used 35049K [0x0000000702800000, 0x0000000800000000)
  region size 2048K, 9 young (18432K), 2 survivors (4096K)
 Metaspace       used 55480K, committed 55808K, reserved 1097728K
  class space    used 7338K, committed 7488K, reserved 1048576K
}
Event: 8.190 GC heap after
{Heap after GC invocations=17 (full 0):
 garbage-first heap   total 155648K, used 23793K [0x0000000702800000, 0x0000000800000000)
  region size 2048K, 2 young (4096K), 2 survivors (4096K)
 Metaspace       used 55480K, committed 55808K, reserved 1097728K
  class space    used 7338K, committed 7488K, reserved 1048576K
}
Event: 9.144 GC heap before
{Heap before GC invocations=17 (full 0):
 garbage-first heap   total 155648K, used 68849K [0x0000000702800000, 0x0000000800000000)
  region size 2048K, 25 young (51200K), 2 survivors (4096K)
 Metaspace       used 60084K, committed 60416K, reserved 1105920K
  class space    used 8008K, committed 8192K, reserved 1048576K
}
Event: 9.152 GC heap after
{Heap after GC invocations=18 (full 0):
 garbage-first heap   total 155648K, used 26932K [0x0000000702800000, 0x0000000800000000)
  region size 2048K, 3 young (6144K), 3 survivors (6144K)
 Metaspace       used 60084K, committed 60416K, reserved 1105920K
  class space    used 8008K, committed 8192K, reserved 1048576K
}

