# JRE version: OpenJDK Runtime Environment Corretto-17.0.6.10.1 (17.0.6+10) (build 17.0.6+10-LTS)
# Java VM: OpenJDK 64-Bit Server VM Corretto-17.0.6.10.1 (17.0.6+10-LTS, mixed mode, sharing, tiered, compressed oops, compressed class ptrs, g1 gc, windows-amd64)
GC Precious Log:
 CPUs: 4 total, 4 available
 Memory: 16220M
 Large Page Support: Disabled
 NUMA Support: Disabled
 Compressed Oops: Enabled (Zero based)
 Heap Region Size: 2M
 Heap Min Capacity: 8M
 Heap Initial Capacity: 254M
 Heap Max Capacity: 4056M
 Pre-touch: Disabled
 Parallel Workers: 4
 Concurrent Workers: 1
 Concurrent Refinement Workers: 4
 Periodic GC: Disabled
Heap:
 garbage-first heap   total 110592K, used 50685K [0x0000000702800000, 0x0000000800000000)
  region size 2048K, 13 young (26624K), 1 survivors (2048K)
 Metaspace       used 63201K, committed 63616K, reserved 1105920K
  class space    used 8439K, committed 8640K, reserved 1048576K
GC Heap History (20 events):
Event: 7.561 GC heap before
{Heap before GC invocations=13 (full 0):
 garbage-first heap   total 49152K, used 34935K [0x0000000702800000, 0x0000000800000000)
  region size 2048K, 9 young (18432K), 2 survivors (4096K)
 Metaspace       used 45716K, committed 46080K, reserved 1089536K
  class space    used 5916K, committed 6080K, reserved 1048576K
}
Event: 7.565 GC heap after
{Heap after GC invocations=14 (full 0):
 garbage-first heap   total 49152K, used 21511K [0x0000000702800000, 0x0000000800000000)
  region size 2048K, 1 young (2048K), 1 survivors (2048K)
 Metaspace       used 45716K, committed 46080K, reserved 1089536K
  class space    used 5916K, committed 6080K, reserved 1048576K
}
Event: 7.975 GC heap before
{Heap before GC invocations=14 (full 0):
 garbage-first heap   total 49152K, used 35847K [0x0000000702800000, 0x0000000800000000)
  region size 2048K, 8 young (16384K), 1 survivors (2048K)
 Metaspace       used 49823K, committed 50176K, reserved 1097728K
  class space    used 6435K, committed 6592K, reserved 1048576K
}
Event: 7.978 GC heap after
{Heap after GC invocations=15 (full 0):
 garbage-first heap   total 49152K, used 22383K [0x0000000702800000, 0x0000000800000000)
  region size 2048K, 1 young (2048K), 1 survivors (2048K)
 Metaspace       used 49823K, committed 50176K, reserved 1097728K
  class space    used 6435K, committed 6592K, reserved 1048576K
}
Event: 8.393 GC heap before
{Heap before GC invocations=15 (full 0):
 garbage-first heap   total 49152K, used 36719K [0x0000000702800000, 0x0000000800000000)
  region size 2048K, 8 young (16384K), 1 survivors (2048K)
 Metaspace       used 52795K, committed 53184K, reserved 1097728K
  class space    used 6975K, committed 7168K, reserved 1048576K
}
Event: 8.396 GC heap after
{Heap after GC invocations=16 (full 0):
 garbage-first heap   total 49152K, used 22950K [0x0000000702800000, 0x0000000800000000)
  region size 2048K, 1 young (2048K), 1 survivors (2048K)
 Metaspace       used 52795K, committed 53184K, reserved 1097728K
  class space    used 6975K, committed 7168K, reserved 1048576K
}
Event: 8.657 GC heap before
{Heap before GC invocations=17 (full 0):
 garbage-first heap   total 49152K, used 37286K [0x0000000702800000, 0x0000000800000000)
  region size 2048K, 8 young (16384K), 1 survivors (2048K)
 Metaspace       used 55287K, committed 55680K, reserved 1097728K
  class space    used 7335K, committed 7552K, reserved 1048576K
}
Event: 8.661 GC heap after
{Heap after GC invocations=18 (full 0):
 garbage-first heap   total 49152K, used 23913K [0x0000000702800000, 0x0000000800000000)
  region size 2048K, 1 young (2048K), 1 survivors (2048K)
 Metaspace       used 55287K, committed 55680K, reserved 1097728K
  class space    used 7335K, committed 7552K, reserved 1048576K
}
Event: 9.074 GC heap before
{Heap before GC invocations=18 (full 0):
 garbage-first heap   total 49152K, used 38249K [0x0000000702800000, 0x0000000800000000)
  region size 2048K, 8 young (16384K), 1 survivors (2048K)
 Metaspace       used 57454K, committed 57792K, reserved 1105920K
  class space    used 7666K, committed 7872K, reserved 1048576K
}
Event: 9.076 GC heap after
{Heap after GC invocations=19 (full 0):
 garbage-first heap   total 49152K, used 25016K [0x0000000702800000, 0x0000000800000000)
  region size 2048K, 1 young (2048K), 1 survivors (2048K)
 Metaspace       used 57454K, committed 57792K, reserved 1105920K
  class space    used 7666K, committed 7872K, reserved 1048576K
}
Event: 9.280 GC heap before
{Heap before GC invocations=20 (full 0):
 garbage-first heap   total 49152K, used 37304K [0x0000000702800000, 0x0000000800000000)
  region size 2048K, 7 young (14336K), 1 survivors (2048K)
 Metaspace       used 57767K, committed 58112K, reserved 1105920K
  class space    used 7712K, committed 7872K, reserved 1048576K
}
Event: 9.283 GC heap after
{Heap after GC invocations=21 (full 0):
 garbage-first heap   total 49152K, used 25651K [0x0000000702800000, 0x0000000800000000)
  region size 2048K, 1 young (2048K), 1 survivors (2048K)
 Metaspace       used 57767K, committed 58112K, reserved 1105920K
  class space    used 7712K, committed 7872K, reserved 1048576K
}
Event: 9.310 GC heap before
{Heap before GC invocations=21 (full 0):
 garbage-first heap   total 49152K, used 27699K [0x0000000702800000, 0x0000000800000000)
  region size 2048K, 2 young (4096K), 1 survivors (2048K)
 Metaspace       used 57880K, committed 58240K, reserved 1105920K
  class space    used 7730K, committed 7936K, reserved 1048576K
}
Event: 9.316 GC heap after
{Heap after GC invocations=22 (full 0):
 garbage-first heap   total 49152K, used 25513K [0x0000000702800000, 0x0000000800000000)
  region size 2048K, 1 young (2048K), 1 survivors (2048K)
 Metaspace       used 57880K, committed 58240K, reserved 1105920K
  class space    used 7730K, committed 7936K, reserved 1048576K
}
Event: 9.561 GC heap before
{Heap before GC invocations=22 (full 0):
 garbage-first heap   total 49152K, used 35753K [0x0000000702800000, 0x0000000800000000)
  region size 2048K, 6 young (12288K), 1 survivors (2048K)
 Metaspace       used 58972K, committed 59328K, reserved 1105920K
  class space    used 7883K, committed 8064K, reserved 1048576K
}
Event: 9.563 GC heap after
{Heap after GC invocations=23 (full 0):
 garbage-first heap   total 49152K, used 25928K [0x0000000702800000, 0x0000000800000000)
  region size 2048K, 1 young (2048K), 1 survivors (2048K)
 Metaspace       used 58972K, committed 59328K, reserved 1105920K
  class space    used 7883K, committed 8064K, reserved 1048576K
}
Event: 9.787 GC heap before
{Heap before GC invocations=24 (full 0):
 garbage-first heap   total 51200K, used 36168K [0x0000000702800000, 0x0000000800000000)
  region size 2048K, 6 young (12288K), 1 survivors (2048K)
 Metaspace       used 59959K, committed 60288K, reserved 1105920K
  class space    used 8032K, committed 8192K, reserved 1048576K
}
Event: 9.789 GC heap after
{Heap after GC invocations=25 (full 0):
 garbage-first heap   total 51200K, used 27142K [0x0000000702800000, 0x0000000800000000)
  region size 2048K, 1 young (2048K), 1 survivors (2048K)
 Metaspace       used 59959K, committed 60288K, reserved 1105920K
  class space    used 8032K, committed 8192K, reserved 1048576K
}
Event: 10.029 GC heap before
{Heap before GC invocations=25 (full 0):
 garbage-first heap   total 51200K, used 39430K [0x0000000702800000, 0x0000000800000000)
  region size 2048K, 7 young (14336K), 1 survivors (2048K)
 Metaspace       used 61095K, committed 61504K, reserved 1105920K
  class space    used 8182K, committed 8384K, reserved 1048576K
}
Event: 10.033 GC heap after
{Heap after GC invocations=26 (full 0):
 garbage-first heap   total 155648K, used 28157K [0x0000000702800000, 0x0000000800000000)
  region size 2048K, 1 young (2048K), 1 survivors (2048K)
 Metaspace       used 61095K, committed 61504K, reserved 1105920K
  class space    used 8182K, committed 8384K, reserved 1048576K
}

